<?xml version="1.0" encoding="UTF-8"?><testsuite failures="0" name="cucumber.runtime.formatter.JUnitFormatter" skipped="0" tests="2" time="22.265583">
<testcase classname="user Reg" name="102341 - Verify space data" time="11.463208">
<system-out><![CDATA[Given I launched broeser with this URL......................................passed
When I entered valid us pwd and click on login button.......................passed
Then I should navigate to home page.........................................passed
]]></system-out>
</testcase>
<testcase classname="user Reg" name="102341 - Verify space data" time="10.802375">
<system-out><![CDATA[Given I launched broeser with this URL......................................passed
When I entered valid us pwd and click on login button.......................passed
Then I should navigate to home page.........................................passed
]]></system-out>
</testcase>
</testsuite>
