<?xml version="1.0" encoding="UTF-8"?>
<testng-results skipped="0" failed="0" ignored="0" total="1" passed="1">
  <reporter-output>
  </reporter-output>
  <suite name="Suite" duration-ms="23315" started-at="2021-10-25T09:25:30Z" finished-at="2021-10-25T09:25:54Z">
    <groups>
    </groups>
    <test name="Test" duration-ms="23315" started-at="2021-10-25T09:25:30Z" finished-at="2021-10-25T09:25:54Z">
      <class name="com.sample.Runner.BddTestRunner">
        <test-method status="PASS" signature="runCukes()[pri:0, instance:com.sample.Runner.BddTestRunner@78047b92]" name="runCukes" duration-ms="23284" started-at="2021-10-25T14:55:30Z" finished-at="2021-10-25T14:55:54Z">
          <reporter-output>
          </reporter-output>
        </test-method> <!-- runCukes -->
      </class> <!-- com.sample.Runner.BddTestRunner -->
    </test> <!-- Test -->
  </suite> <!-- Suite -->
</testng-results>
